<?xml version="1.0" encoding="UTF-8"?>
<!-- Generated by org.testng.reporters.JUnitXMLReporter -->
<testsuite ignored="0" hostname="STIPL-SMBD0093" failures="2" tests="3" name="Test" time="10.98" errors="0" timestamp="2024-12-06T15:47:17 IST">
  <testcase classname="TestN.BaseTest" name="@BeforeMethod launchApplication" time="7.475">
    <failure type="org.openqa.selenium.SessionNotCreatedException" message="session not created: Chrome failed to start: exited normally.
  (chrome not reachable)
  (The process started from chrome location C:\Program Files (x86)\Google\Chrome\Application\chrome.exe is no longer running, so ChromeDriver is assuming that Chrome has crashed.)
Build info: version: &amp;apos;3.141.59&amp;apos;, revision: &amp;apos;e82be7d358&amp;apos;, time: &amp;apos;2018-11-14T08:17:03&amp;apos;
System info: host: &amp;apos;STIPL-SMBD0093&amp;apos;, ip: &amp;apos;172.18.40.117&amp;apos;, os.name: &amp;apos;Windows 10&amp;apos;, os.arch: &amp;apos;amd64&amp;apos;, os.version: &amp;apos;10.0&amp;apos;, java.version: &amp;apos;22.0.2&amp;apos;
Driver info: driver.version: ChromeDriver
remote stacktrace: 	GetHandleVerifier [0x00007FF7AD89CAB2+59634]
	(No symbol) [0x00007FF7AD810B42]
	(No symbol) [0x00007FF7AD6BED85]
	(No symbol) [0x00007FF7AD6F05A8]
	(No symbol) [0x00007FF7AD6EB13F]
	(No symbol) [0x00007FF7AD73071B]
	(No symbol) [0x00007FF7AD730350]
	(No symbol) [0x00007FF7AD726A63]
	(No symbol) [0x00007FF7AD6F8158]
	(No symbol) [0x00007FF7AD6F91F1]
	GetHandleVerifier [0x00007FF7ADC3648D+3834573]
	GetHandleVerifier [0x00007FF7ADC782CF+4104463]
	GetHandleVerifier [0x00007FF7ADC7173F+4076927]
	GetHandleVerifier [0x00007FF7AD957096+822998]
	(No symbol) [0x00007FF7AD81C44F]
	(No symbol) [0x00007FF7AD816E74]
	(No symbol) [0x00007FF7AD816FAB]
	(No symbol) [0x00007FF7AD808024]
	BaseThreadInitThunk [0x00007FF807DD7374+20]
	DummyExport [0x00007FFFE4E33AEE+65726]
	DummyExport [0x00007FFFE4E7CAAC+364668]
	RtlUserThreadStart [0x00007FF809CBCC91+33]
">
      <![CDATA[org.openqa.selenium.SessionNotCreatedException: session not created: Chrome failed to start: exited normally.
  (chrome not reachable)
  (The process started from chrome location C:\Program Files (x86)\Google\Chrome\Application\chrome.exe is no longer running, so ChromeDriver is assuming that Chrome has crashed.)
Build info: version: '3.141.59', revision: 'e82be7d358', time: '2018-11-14T08:17:03'
System info: host: 'STIPL-SMBD0093', ip: '172.18.40.117', os.name: 'Windows 10', os.arch: 'amd64', os.version: '10.0', java.version: '22.0.2'
Driver info: driver.version: ChromeDriver
remote stacktrace: GetHandleVerifier [0x00007FF7AD89CAB2+59634]
(No symbol) [0x00007FF7AD810B42]
(No symbol) [0x00007FF7AD6BED85]
(No symbol) [0x00007FF7AD6F05A8]
(No symbol) [0x00007FF7AD6EB13F]
(No symbol) [0x00007FF7AD73071B]
(No symbol) [0x00007FF7AD730350]
(No symbol) [0x00007FF7AD726A63]
(No symbol) [0x00007FF7AD6F8158]
(No symbol) [0x00007FF7AD6F91F1]
GetHandleVerifier [0x00007FF7ADC3648D+3834573]
GetHandleVerifier [0x00007FF7ADC782CF+4104463]
GetHandleVerifier [0x00007FF7ADC7173F+4076927]
GetHandleVerifier [0x00007FF7AD957096+822998]
(No symbol) [0x00007FF7AD81C44F]
(No symbol) [0x00007FF7AD816E74]
(No symbol) [0x00007FF7AD816FAB]
(No symbol) [0x00007FF7AD808024]
BaseThreadInitThunk [0x00007FF807DD7374+20]
DummyExport [0x00007FFFE4E33AEE+65726]
DummyExport [0x00007FFFE4E7CAAC+364668]
RtlUserThreadStart [0x00007FF809CBCC91+33]

at org.openqa.selenium.remote.W3CHandshakeResponse.lambda$errorHandler$0(W3CHandshakeResponse.java:62)
at org.openqa.selenium.remote.HandshakeResponse.lambda$getResponseFunction$0(HandshakeResponse.java:30)
at org.openqa.selenium.remote.ProtocolHandshake.lambda$createSession$0(ProtocolHandshake.java:126)
at java.base/java.util.stream.ReferencePipeline$3$1.accept(ReferencePipeline.java:212)
at java.base/java.util.Spliterators$ArraySpliterator.tryAdvance(Spliterators.java:1034)
at java.base/java.util.stream.ReferencePipeline.forEachWithCancel(ReferencePipeline.java:144)
at java.base/java.util.stream.AbstractPipeline.copyIntoWithCancel(AbstractPipeline.java:574)
at java.base/java.util.stream.AbstractPipeline.copyInto(AbstractPipeline.java:560)
at java.base/java.util.stream.AbstractPipeline.wrapAndCopyInto(AbstractPipeline.java:546)
at java.base/java.util.stream.FindOps$FindOp.evaluateSequential(FindOps.java:150)
at java.base/java.util.stream.AbstractPipeline.evaluate(AbstractPipeline.java:265)
at java.base/java.util.stream.ReferencePipeline.findFirst(ReferencePipeline.java:662)
at org.openqa.selenium.remote.ProtocolHandshake.createSession(ProtocolHandshake.java:128)
at org.openqa.selenium.remote.ProtocolHandshake.createSession(ProtocolHandshake.java:74)
at org.openqa.selenium.remote.HttpCommandExecutor.execute(HttpCommandExecutor.java:136)
at org.openqa.selenium.remote.service.DriverCommandExecutor.execute(DriverCommandExecutor.java:83)
at org.openqa.selenium.remote.RemoteWebDriver.execute(RemoteWebDriver.java:552)
at org.openqa.selenium.remote.RemoteWebDriver.startSession(RemoteWebDriver.java:213)
at org.openqa.selenium.remote.RemoteWebDriver.<init>(RemoteWebDriver.java:131)
at org.openqa.selenium.chrome.ChromeDriver.<init>(ChromeDriver.java:181)
at org.openqa.selenium.chrome.ChromeDriver.<init>(ChromeDriver.java:168)
at org.openqa.selenium.chrome.ChromeDriver.<init>(ChromeDriver.java:157)
at TestN.BaseTest.initializeDriver(BaseTest.java:28)
at TestN.BaseTest.launchApplication(BaseTest.java:39)
at java.base/java.util.ArrayList.forEach(ArrayList.java:1597)
at com.intellij.rt.testng.IDEARemoteTestNG.run(IDEARemoteTestNG.java:65)
at com.intellij.rt.testng.RemoteTestNGStarter.main(RemoteTestNGStarter.java:105)
... Removed 29 stack frames]]>
    </failure>
  </testcase> <!-- @BeforeMethod launchApplication -->
  <testcase classname="TestN.BaseTest" name="@AfterMethod closeApplication" time="-1.733480233798E9">
    <skipped/>
  </testcase> <!-- @AfterMethod closeApplication -->
  <testcase classname="TestN.Form_submit" name="E2e" time="0.0">
    <skipped/>
  </testcase> <!-- E2e -->
  <testcase classname="TestN.EndToend" name="EndToend1" time="3.214">
    <failure type="org.openqa.selenium.SessionNotCreatedException" message="session not created: Chrome failed to start: exited normally.
  (chrome not reachable)
  (The process started from chrome location C:\Program Files (x86)\Google\Chrome\Application\chrome.exe is no longer running, so ChromeDriver is assuming that Chrome has crashed.)
Build info: version: &amp;apos;3.141.59&amp;apos;, revision: &amp;apos;e82be7d358&amp;apos;, time: &amp;apos;2018-11-14T08:17:03&amp;apos;
System info: host: &amp;apos;STIPL-SMBD0093&amp;apos;, ip: &amp;apos;172.18.40.117&amp;apos;, os.name: &amp;apos;Windows 10&amp;apos;, os.arch: &amp;apos;amd64&amp;apos;, os.version: &amp;apos;10.0&amp;apos;, java.version: &amp;apos;22.0.2&amp;apos;
Driver info: driver.version: ChromeDriver
remote stacktrace: 	GetHandleVerifier [0x00007FF7AD89CAB2+59634]
	(No symbol) [0x00007FF7AD810B42]
	(No symbol) [0x00007FF7AD6BED85]
	(No symbol) [0x00007FF7AD6F05A8]
	(No symbol) [0x00007FF7AD6EB13F]
	(No symbol) [0x00007FF7AD73071B]
	(No symbol) [0x00007FF7AD730350]
	(No symbol) [0x00007FF7AD726A63]
	(No symbol) [0x00007FF7AD6F8158]
	(No symbol) [0x00007FF7AD6F91F1]
	GetHandleVerifier [0x00007FF7ADC3648D+3834573]
	GetHandleVerifier [0x00007FF7ADC782CF+4104463]
	GetHandleVerifier [0x00007FF7ADC7173F+4076927]
	GetHandleVerifier [0x00007FF7AD957096+822998]
	(No symbol) [0x00007FF7AD81C44F]
	(No symbol) [0x00007FF7AD816E74]
	(No symbol) [0x00007FF7AD816FAB]
	(No symbol) [0x00007FF7AD808024]
	BaseThreadInitThunk [0x00007FF807DD7374+20]
	DummyExport [0x00007FFFE4E33AEE+65726]
	DummyExport [0x00007FFFE4E7CAAC+364668]
	RtlUserThreadStart [0x00007FF809CBCC91+33]
">
      <![CDATA[org.openqa.selenium.SessionNotCreatedException: session not created: Chrome failed to start: exited normally.
  (chrome not reachable)
  (The process started from chrome location C:\Program Files (x86)\Google\Chrome\Application\chrome.exe is no longer running, so ChromeDriver is assuming that Chrome has crashed.)
Build info: version: '3.141.59', revision: 'e82be7d358', time: '2018-11-14T08:17:03'
System info: host: 'STIPL-SMBD0093', ip: '172.18.40.117', os.name: 'Windows 10', os.arch: 'amd64', os.version: '10.0', java.version: '22.0.2'
Driver info: driver.version: ChromeDriver
remote stacktrace: GetHandleVerifier [0x00007FF7AD89CAB2+59634]
(No symbol) [0x00007FF7AD810B42]
(No symbol) [0x00007FF7AD6BED85]
(No symbol) [0x00007FF7AD6F05A8]
(No symbol) [0x00007FF7AD6EB13F]
(No symbol) [0x00007FF7AD73071B]
(No symbol) [0x00007FF7AD730350]
(No symbol) [0x00007FF7AD726A63]
(No symbol) [0x00007FF7AD6F8158]
(No symbol) [0x00007FF7AD6F91F1]
GetHandleVerifier [0x00007FF7ADC3648D+3834573]
GetHandleVerifier [0x00007FF7ADC782CF+4104463]
GetHandleVerifier [0x00007FF7ADC7173F+4076927]
GetHandleVerifier [0x00007FF7AD957096+822998]
(No symbol) [0x00007FF7AD81C44F]
(No symbol) [0x00007FF7AD816E74]
(No symbol) [0x00007FF7AD816FAB]
(No symbol) [0x00007FF7AD808024]
BaseThreadInitThunk [0x00007FF807DD7374+20]
DummyExport [0x00007FFFE4E33AEE+65726]
DummyExport [0x00007FFFE4E7CAAC+364668]
RtlUserThreadStart [0x00007FF809CBCC91+33]

at org.openqa.selenium.remote.W3CHandshakeResponse.lambda$errorHandler$0(W3CHandshakeResponse.java:62)
at org.openqa.selenium.remote.HandshakeResponse.lambda$getResponseFunction$0(HandshakeResponse.java:30)
at org.openqa.selenium.remote.ProtocolHandshake.lambda$createSession$0(ProtocolHandshake.java:126)
at java.base/java.util.stream.ReferencePipeline$3$1.accept(ReferencePipeline.java:212)
at java.base/java.util.Spliterators$ArraySpliterator.tryAdvance(Spliterators.java:1034)
at java.base/java.util.stream.ReferencePipeline.forEachWithCancel(ReferencePipeline.java:144)
at java.base/java.util.stream.AbstractPipeline.copyIntoWithCancel(AbstractPipeline.java:574)
at java.base/java.util.stream.AbstractPipeline.copyInto(AbstractPipeline.java:560)
at java.base/java.util.stream.AbstractPipeline.wrapAndCopyInto(AbstractPipeline.java:546)
at java.base/java.util.stream.FindOps$FindOp.evaluateSequential(FindOps.java:150)
at java.base/java.util.stream.AbstractPipeline.evaluate(AbstractPipeline.java:265)
at java.base/java.util.stream.ReferencePipeline.findFirst(ReferencePipeline.java:662)
at org.openqa.selenium.remote.ProtocolHandshake.createSession(ProtocolHandshake.java:128)
at org.openqa.selenium.remote.ProtocolHandshake.createSession(ProtocolHandshake.java:74)
at org.openqa.selenium.remote.HttpCommandExecutor.execute(HttpCommandExecutor.java:136)
at org.openqa.selenium.remote.service.DriverCommandExecutor.execute(DriverCommandExecutor.java:83)
at org.openqa.selenium.remote.RemoteWebDriver.execute(RemoteWebDriver.java:552)
at org.openqa.selenium.remote.RemoteWebDriver.startSession(RemoteWebDriver.java:213)
at org.openqa.selenium.remote.RemoteWebDriver.<init>(RemoteWebDriver.java:131)
at org.openqa.selenium.chrome.ChromeDriver.<init>(ChromeDriver.java:181)
at org.openqa.selenium.chrome.ChromeDriver.<init>(ChromeDriver.java:168)
at org.openqa.selenium.chrome.ChromeDriver.<init>(ChromeDriver.java:157)
at TestN.EndToend.EndToend1(EndToend.java:16)
at java.base/java.util.ArrayList.forEach(ArrayList.java:1597)
at com.intellij.rt.testng.IDEARemoteTestNG.run(IDEARemoteTestNG.java:65)
at com.intellij.rt.testng.RemoteTestNGStarter.main(RemoteTestNGStarter.java:105)
... Removed 25 stack frames]]>
    </failure>
  </testcase> <!-- EndToend1 -->
  <testcase classname="TestN.EndToend" name="EndToend1" time="3.258">
    <failure type="java.lang.NullPointerException" message="Cannot invoke &amp;quot;org.openqa.selenium.TakesScreenshot.getScreenshotAs(org.openqa.selenium.OutputType)&amp;quot; because &amp;quot;ts&amp;quot; is null">
      <![CDATA[java.lang.NullPointerException: Cannot invoke "org.openqa.selenium.TakesScreenshot.getScreenshotAs(org.openqa.selenium.OutputType)" because "ts" is null
at TestN.BaseTest.getScreenShot(BaseTest.java:49)
at TestN.Listeners.onTestFailure(Listeners.java:45)
at java.base/java.util.ArrayList.forEach(ArrayList.java:1597)
at com.intellij.rt.testng.IDEARemoteTestNG.run(IDEARemoteTestNG.java:65)
at com.intellij.rt.testng.RemoteTestNGStarter.main(RemoteTestNGStarter.java:105)
... Removed 21 stack frames]]>
    </failure>
  </testcase> <!-- EndToend1 -->
</testsuite> <!-- Test -->
